<?xml version="1.0" encoding="UTF-8"?>
<!-- Generated by org.testng.reporters.JUnitXMLReporter -->
<testsuite ignored="6" hostname="LAPTOP-E1NRTU5J" failures="0" tests="1" name="Default test" time="2.454" errors="0" timestamp="2024-10-18T09:51:53 CDT">
  <testcase classname="api.test.DDTUserTestsNumpy" name="testPostUserWithMandatoryDetails" time="2.423"/>
  <testcase classname="api.test.DDTUserTestsNumpy" name="UpdateUserById" time="0.0">
    <ignored/>
  </testcase> <!-- UpdateUserById -->
  <testcase classname="api.test.DDTUserTestsNumpy" name="testPostUser" time="0.0">
    <ignored/>
  </testcase> <!-- testPostUser -->
  <testcase classname="api.test.DDTUserTestsNumpy" name="DeleteUserByFirstName" time="0.0">
    <ignored/>
  </testcase> <!-- DeleteUserByFirstName -->
  <testcase classname="api.test.DDTUserTestsNumpy" name="GetUserByFirstName" time="0.0">
    <ignored/>
  </testcase> <!-- GetUserByFirstName -->
  <testcase classname="api.test.DDTUserTestsNumpy" name="GetUserById" time="0.0">
    <ignored/>
  </testcase> <!-- GetUserById -->
  <testcase classname="api.test.DDTUserTestsNumpy" name="testGetAllUsers" time="0.0">
    <ignored/>
  </testcase> <!-- testGetAllUsers -->
</testsuite> <!-- Default test -->
