<?xml version="1.0" encoding="UTF-8"?>
<testng-results ignored="0" total="127" passed="124" failed="3" skipped="0">
  <reporter-output>
  </reporter-output>
  <suite started-at="2024-10-18T12:14:32 CDT" name="UserAPITesting" finished-at="2024-10-18T12:15:40 CDT" duration-ms="68307">
    <groups>
    </groups>
    <test started-at="2024-10-18T12:14:32 CDT" name="UserTest" finished-at="2024-10-18T12:15:40 CDT" duration-ms="68307">
      <class name="api.test.DDTUserTestsNumpy">
        <test-method signature="testPostUser(java.lang.String,java.lang.String,java.lang.String,java.lang.String,java.lang.String,java.lang.String,java.lang.String,java.lang.String,java.lang.String,java.lang.String,java.lang.String,java.lang.String,java.lang.String,java.lang.String,java.lang.String)[pri:1, instance:api.test.DDTUserTestsNumpy@596df867]" started-at="2024-10-18T12:14:39 CDT" name="testPostUser" data-provider="PostUser" finished-at="2024-10-18T12:14:41 CDT" duration-ms="1723" status="PASS">
          <params>
            <param index="0">
              <value>
                <![CDATA[usercreate]]>
              </value>
            </param>
            <param index="1">
              <value>
                <![CDATA[application/json]]>
              </value>
            </param>
            <param index="2">
              <value>
                <![CDATA[]]>
              </value>
            </param>
            <param index="3">
              <value>
                <![CDATA[]]>
              </value>
            </param>
            <param index="4">
              <value>
                <![CDATA[Vijaya@123]]>
              </value>
            </param>
            <param index="5">
              <value>
                <![CDATA[TeamThree]]>
              </value>
            </param>
            <param index="6">
              <value>
                <![CDATA[8575111345]]>
              </value>
            </param>
            <param index="7">
              <value>
                <![CDATA[myteam3trial@gmail.com]]>
              </value>
            </param>
            <param index="8">
              <value>
                <![CDATA[19-a]]>
              </value>
            </param>
            <param index="9">
              <value>
                <![CDATA[Cypress Dr]]>
              </value>
            </param>
            <param index="10">
              <value>
                <![CDATA[Texas]]>
              </value>
            </param>
            <param index="11">
              <value>
                <![CDATA[USA]]>
              </value>
            </param>
            <param index="12">
              <value>
                <![CDATA[75688]]>
              </value>
            </param>
            <param index="13">
              <value>
                <![CDATA[404]]>
              </value>
            </param>
            <param index="14">
              <value>
                <![CDATA[Invalid Endpoint]]>
              </value>
            </param>
          </params>
          <reporter-output>
          </reporter-output>
        </test-method> <!-- testPostUser -->
        <test-method signature="testPostUser(java.lang.String,java.lang.String,java.lang.String,java.lang.String,java.lang.String,java.lang.String,java.lang.String,java.lang.String,java.lang.String,java.lang.String,java.lang.String,java.lang.String,java.lang.String,java.lang.String,java.lang.String)[pri:1, instance:api.test.DDTUserTestsNumpy@596df867]" started-at="2024-10-18T12:14:41 CDT" name="testPostUser" data-provider="PostUser" finished-at="2024-10-18T12:14:42 CDT" duration-ms="386" status="PASS">
          <params>
            <param index="0">
              <value>
                <![CDATA[createusers]]>
              </value>
            </param>
            <param index="1">
              <value>
                <![CDATA[application/json]]>
              </value>
            </param>
            <param index="2">
              <value>
                <![CDATA[]]>
              </value>
            </param>
            <param index="3">
              <value>
                <![CDATA[]]>
              </value>
            </param>
            <param index="4">
              <value>
                <![CDATA[Viji234]]>
              </value>
            </param>
            <param index="5">
              <value>
                <![CDATA[TeamThree]]>
              </value>
            </param>
            <param index="6">
              <value>
                <![CDATA[8575111345]]>
              </value>
            </param>
            <param index="7">
              <value>
                <![CDATA[myteam3trial@gmail.com]]>
              </value>
            </param>
            <param index="8">
              <value>
                <![CDATA[19-a]]>
              </value>
            </param>
            <param index="9">
              <value>
                <![CDATA[Cypress Dr]]>
              </value>
            </param>
            <param index="10">
              <value>
                <![CDATA[Texas]]>
              </value>
            </param>
            <param index="11">
              <value>
                <![CDATA[USA]]>
              </value>
            </param>
            <param index="12">
              <value>
                <![CDATA[75688]]>
              </value>
            </param>
            <param index="13">
              <value>
                <![CDATA[400]]>
              </value>
            </param>
            <param index="14">
              <value>
                <![CDATA[FirstName(Alpha Numberic)]]>
              </value>
            </param>
          </params>
          <reporter-output>
          </reporter-output>
        </test-method> <!-- testPostUser -->
        <test-method signature="testPostUser(java.lang.String,java.lang.String,java.lang.String,java.lang.String,java.lang.String,java.lang.String,java.lang.String,java.lang.String,java.lang.String,java.lang.String,java.lang.String,java.lang.String,java.lang.String,java.lang.String,java.lang.String)[pri:1, instance:api.test.DDTUserTestsNumpy@596df867]" started-at="2024-10-18T12:14:42 CDT" name="testPostUser" data-provider="PostUser" finished-at="2024-10-18T12:14:42 CDT" duration-ms="382" status="PASS">
          <params>
            <param index="0">
              <value>
                <![CDATA[createusers]]>
              </value>
            </param>
            <param index="1">
              <value>
                <![CDATA[application/json]]>
              </value>
            </param>
            <param index="2">
              <value>
                <![CDATA[]]>
              </value>
            </param>
            <param index="3">
              <value>
                <![CDATA[]]>
              </value>
            </param>
            <param index="4">
              <value>
                <![CDATA[Vijaya]]>
              </value>
            </param>
            <param index="5">
              <value>
                <![CDATA[]]>
              </value>
            </param>
            <param index="6">
              <value>
                <![CDATA[8575111345]]>
              </value>
            </param>
            <param index="7">
              <value>
                <![CDATA[myteam3trial@gmail.com]]>
              </value>
            </param>
            <param index="8">
              <value>
                <![CDATA[19-a]]>
              </value>
            </param>
            <param index="9">
              <value>
                <![CDATA[Cypress Dr]]>
              </value>
            </param>
            <param index="10">
              <value>
                <![CDATA[Texas]]>
              </value>
            </param>
            <param index="11">
              <value>
                <![CDATA[USA]]>
              </value>
            </param>
            <param index="12">
              <value>
                <![CDATA[75688]]>
              </value>
            </param>
            <param index="13">
              <value>
                <![CDATA[400]]>
              </value>
            </param>
            <param index="14">
              <value>
                <![CDATA[without LastName]]>
              </value>
            </param>
          </params>
          <reporter-output>
          </reporter-output>
        </test-method> <!-- testPostUser -->
        <test-method signature="testPostUser(java.lang.String,java.lang.String,java.lang.String,java.lang.String,java.lang.String,java.lang.String,java.lang.String,java.lang.String,java.lang.String,java.lang.String,java.lang.String,java.lang.String,java.lang.String,java.lang.String,java.lang.String)[pri:1, instance:api.test.DDTUserTestsNumpy@596df867]" started-at="2024-10-18T12:14:42 CDT" name="testPostUser" data-provider="PostUser" finished-at="2024-10-18T12:14:42 CDT" duration-ms="402" status="PASS">
          <params>
            <param index="0">
              <value>
                <![CDATA[]]>
              </value>
            </param>
            <param index="1">
              <value>
                <![CDATA[application/json]]>
              </value>
            </param>
            <param index="2">
              <value>
                <![CDATA[]]>
              </value>
            </param>
            <param index="3">
              <value>
                <![CDATA[]]>
              </value>
            </param>
            <param index="4">
              <value>
                <![CDATA[Vijaya@123]]>
              </value>
            </param>
            <param index="5">
              <value>
                <![CDATA[TeamThree]]>
              </value>
            </param>
            <param index="6">
              <value>
                <![CDATA[8575111345]]>
              </value>
            </param>
            <param index="7">
              <value>
                <![CDATA[myteam3trial@gmail.com]]>
              </value>
            </param>
            <param index="8">
              <value>
                <![CDATA[19-a]]>
              </value>
            </param>
            <param index="9">
              <value>
                <![CDATA[Cypress Dr]]>
              </value>
            </param>
            <param index="10">
              <value>
                <![CDATA[Texas]]>
              </value>
            </param>
            <param index="11">
              <value>
                <![CDATA[USA]]>
              </value>
            </param>
            <param index="12">
              <value>
                <![CDATA[75688]]>
              </value>
            </param>
            <param index="13">
              <value>
                <![CDATA[404]]>
              </value>
            </param>
            <param index="14">
              <value>
                <![CDATA[FirstName(spl Char)]]>
              </value>
            </param>
          </params>
          <reporter-output>
          </reporter-output>
        </test-method> <!-- testPostUser -->
        <test-method signature="testPostUser(java.lang.String,java.lang.String,java.lang.String,java.lang.String,java.lang.String,java.lang.String,java.lang.String,java.lang.String,java.lang.String,java.lang.String,java.lang.String,java.lang.String,java.lang.String,java.lang.String,java.lang.String)[pri:1, instance:api.test.DDTUserTestsNumpy@596df867]" started-at="2024-10-18T12:14:42 CDT" name="testPostUser" data-provider="PostUser" finished-at="2024-10-18T12:14:43 CDT" duration-ms="399" status="PASS">
          <params>
            <param index="0">
              <value>
                <![CDATA[createusers]]>
              </value>
            </param>
            <param index="1">
              <value>
                <![CDATA[application/json]]>
              </value>
            </param>
            <param index="2">
              <value>
                <![CDATA[]]>
              </value>
            </param>
            <param index="3">
              <value>
                <![CDATA[]]>
              </value>
            </param>
            <param index="4">
              <value>
                <![CDATA[Vijaya]]>
              </value>
            </param>
            <param index="5">
              <value>
                <![CDATA[Team1234]]>
              </value>
            </param>
            <param index="6">
              <value>
                <![CDATA[8575111345]]>
              </value>
            </param>
            <param index="7">
              <value>
                <![CDATA[myteam3trial@gmail.com]]>
              </value>
            </param>
            <param index="8">
              <value>
                <![CDATA[19-a]]>
              </value>
            </param>
            <param index="9">
              <value>
                <![CDATA[Cypress Dr]]>
              </value>
            </param>
            <param index="10">
              <value>
                <![CDATA[Texas]]>
              </value>
            </param>
            <param index="11">
              <value>
                <![CDATA[USA]]>
              </value>
            </param>
            <param index="12">
              <value>
                <![CDATA[75688]]>
              </value>
            </param>
            <param index="13">
              <value>
                <![CDATA[400]]>
              </value>
            </param>
            <param index="14">
              <value>
                <![CDATA[LastName(AlphaNumberic)]]>
              </value>
            </param>
          </params>
          <reporter-output>
          </reporter-output>
        </test-method> <!-- testPostUser -->
        <test-method signature="testPostUser(java.lang.String,java.lang.String,java.lang.String,java.lang.String,java.lang.String,java.lang.String,java.lang.String,java.lang.String,java.lang.String,java.lang.String,java.lang.String,java.lang.String,java.lang.String,java.lang.String,java.lang.String)[pri:1, instance:api.test.DDTUserTestsNumpy@596df867]" started-at="2024-10-18T12:14:43 CDT" name="testPostUser" data-provider="PostUser" finished-at="2024-10-18T12:14:43 CDT" duration-ms="393" status="PASS">
          <params>
            <param index="0">
              <value>
                <![CDATA[createusers]]>
              </value>
            </param>
            <param index="1">
              <value>
                <![CDATA[application/json]]>
              </value>
            </param>
            <param index="2">
              <value>
                <![CDATA[]]>
              </value>
            </param>
            <param index="3">
              <value>
                <![CDATA[]]>
              </value>
            </param>
            <param index="4">
              <value>
                <![CDATA[Vijaya]]>
              </value>
            </param>
            <param index="5">
              <value>
                <![CDATA[Team$$%*]]>
              </value>
            </param>
            <param index="6">
              <value>
                <![CDATA[8575111345]]>
              </value>
            </param>
            <param index="7">
              <value>
                <![CDATA[myteam3trial@gmail.com]]>
              </value>
            </param>
            <param index="8">
              <value>
                <![CDATA[19-a]]>
              </value>
            </param>
            <param index="9">
              <value>
                <![CDATA[Cypress Dr]]>
              </value>
            </param>
            <param index="10">
              <value>
                <![CDATA[Texas]]>
              </value>
            </param>
            <param index="11">
              <value>
                <![CDATA[USA]]>
              </value>
            </param>
            <param index="12">
              <value>
                <![CDATA[75688]]>
              </value>
            </param>
            <param index="13">
              <value>
                <![CDATA[400]]>
              </value>
            </param>
            <param index="14">
              <value>
                <![CDATA[LastName(SpecialChar)]]>
              </value>
            </param>
          </params>
          <reporter-output>
          </reporter-output>
        </test-method> <!-- testPostUser -->
        <test-method signature="testPostUser(java.lang.String,java.lang.String,java.lang.String,java.lang.String,java.lang.String,java.lang.String,java.lang.String,java.lang.String,java.lang.String,java.lang.String,java.lang.String,java.lang.String,java.lang.String,java.lang.String,java.lang.String)[pri:1, instance:api.test.DDTUserTestsNumpy@596df867]" started-at="2024-10-18T12:14:43 CDT" name="testPostUser" data-provider="PostUser" finished-at="2024-10-18T12:14:44 CDT" duration-ms="379" status="PASS">
          <params>
            <param index="0">
              <value>
                <![CDATA[createusers]]>
              </value>
            </param>
            <param index="1">
              <value>
                <![CDATA[application/json]]>
              </value>
            </param>
            <param index="2">
              <value>
                <![CDATA[]]>
              </value>
            </param>
            <param index="3">
              <value>
                <![CDATA[]]>
              </value>
            </param>
            <param index="4">
              <value>
                <![CDATA[Vijaya]]>
              </value>
            </param>
            <param index="5">
              <value>
                <![CDATA[TeamThree]]>
              </value>
            </param>
            <param index="6">
              <value>
                <![CDATA[]]>
              </value>
            </param>
            <param index="7">
              <value>
                <![CDATA[myteam3trial@gmail.com]]>
              </value>
            </param>
            <param index="8">
              <value>
                <![CDATA[19-a]]>
              </value>
            </param>
            <param index="9">
              <value>
                <![CDATA[Cypress Dr]]>
              </value>
            </param>
            <param index="10">
              <value>
                <![CDATA[Texas]]>
              </value>
            </param>
            <param index="11">
              <value>
                <![CDATA[USA]]>
              </value>
            </param>
            <param index="12">
              <value>
                <![CDATA[75688]]>
              </value>
            </param>
            <param index="13">
              <value>
                <![CDATA[400]]>
              </value>
            </param>
            <param index="14">
              <value>
                <![CDATA[Contact number(without)]]>
              </value>
            </param>
          </params>
          <reporter-output>
          </reporter-output>
        </test-method> <!-- testPostUser -->
        <test-method signature="testPostUser(java.lang.String,java.lang.String,java.lang.String,java.lang.String,java.lang.String,java.lang.String,java.lang.String,java.lang.String,java.lang.String,java.lang.String,java.lang.String,java.lang.String,java.lang.String,java.lang.String,java.lang.String)[pri:1, instance:api.test.DDTUserTestsNumpy@596df867]" started-at="2024-10-18T12:14:44 CDT" name="testPostUser" data-provider="PostUser" finished-at="2024-10-18T12:14:44 CDT" duration-ms="382" status="PASS">
          <params>
            <param index="0">
              <value>
                <![CDATA[createusers]]>
              </value>
            </param>
            <param index="1">
              <value>
                <![CDATA[application/json]]>
              </value>
            </param>
            <param index="2">
              <value>
                <![CDATA[]]>
              </value>
            </param>
            <param index="3">
              <value>
                <![CDATA[]]>
              </value>
            </param>
            <param index="4">
              <value>
                <![CDATA[Vijaya]]>
              </value>
            </param>
            <param index="5">
              <value>
                <![CDATA[TeamThree]]>
              </value>
            </param>
            <param index="6">
              <value>
                <![CDATA[null]]>
              </value>
            </param>
            <param index="7">
              <value>
                <![CDATA[myteam3trial@gmail.com]]>
              </value>
            </param>
            <param index="8">
              <value>
                <![CDATA[19-a]]>
              </value>
            </param>
            <param index="9">
              <value>
                <![CDATA[Cypress Dr]]>
              </value>
            </param>
            <param index="10">
              <value>
                <![CDATA[Texas]]>
              </value>
            </param>
            <param index="11">
              <value>
                <![CDATA[USA]]>
              </value>
            </param>
            <param index="12">
              <value>
                <![CDATA[75688]]>
              </value>
            </param>
            <param index="13">
              <value>
                <![CDATA[400]]>
              </value>
            </param>
            <param index="14">
              <value>
                <![CDATA[Contact number(NULL)]]>
              </value>
            </param>
          </params>
          <reporter-output>
          </reporter-output>
        </test-method> <!-- testPostUser -->
        <test-method signature="testPostUser(java.lang.String,java.lang.String,java.lang.String,java.lang.String,java.lang.String,java.lang.String,java.lang.String,java.lang.String,java.lang.String,java.lang.String,java.lang.String,java.lang.String,java.lang.String,java.lang.String,java.lang.String)[pri:1, instance:api.test.DDTUserTestsNumpy@596df867]" started-at="2024-10-18T12:14:44 CDT" name="testPostUser" data-provider="PostUser" finished-at="2024-10-18T12:14:44 CDT" duration-ms="391" status="PASS">
          <params>
            <param index="0">
              <value>
                <![CDATA[createusers]]>
              </value>
            </param>
            <param index="1">
              <value>
                <![CDATA[application/json]]>
              </value>
            </param>
            <param index="2">
              <value>
                <![CDATA[]]>
              </value>
            </param>
            <param index="3">
              <value>
                <![CDATA[]]>
              </value>
            </param>
            <param index="4">
              <value>
                <![CDATA[Vijaya]]>
              </value>
            </param>
            <param index="5">
              <value>
                <![CDATA[TeamThree]]>
              </value>
            </param>
            <param index="6">
              <value>
                <![CDATA[86269087]]>
              </value>
            </param>
            <param index="7">
              <value>
                <![CDATA[myteam3trial@gmail.com]]>
              </value>
            </param>
            <param index="8">
              <value>
                <![CDATA[19-a]]>
              </value>
            </param>
            <param index="9">
              <value>
                <![CDATA[Cypress Dr]]>
              </value>
            </param>
            <param index="10">
              <value>
                <![CDATA[Texas]]>
              </value>
            </param>
            <param index="11">
              <value>
                <![CDATA[USA]]>
              </value>
            </param>
            <param index="12">
              <value>
                <![CDATA[75688]]>
              </value>
            </param>
            <param index="13">
              <value>
                <![CDATA[400]]>
              </value>
            </param>
            <param index="14">
              <value>
                <![CDATA[Contact number(less than 10 digits)]]>
              </value>
            </param>
          </params>
          <reporter-output>
          </reporter-output>
        </test-method> <!-- testPostUser -->
        <test-method signature="testPostUser(java.lang.String,java.lang.String,java.lang.String,java.lang.String,java.lang.String,java.lang.String,java.lang.String,java.lang.String,java.lang.String,java.lang.String,java.lang.String,java.lang.String,java.lang.String,java.lang.String,java.lang.String)[pri:1, instance:api.test.DDTUserTestsNumpy@596df867]" started-at="2024-10-18T12:14:44 CDT" name="testPostUser" data-provider="PostUser" finished-at="2024-10-18T12:14:45 CDT" duration-ms="376" status="PASS">
          <params>
            <param index="0">
              <value>
                <![CDATA[createusers]]>
              </value>
            </param>
            <param index="1">
              <value>
                <![CDATA[application/json]]>
              </value>
            </param>
            <param index="2">
              <value>
                <![CDATA[]]>
              </value>
            </param>
            <param index="3">
              <value>
                <![CDATA[]]>
              </value>
            </param>
            <param index="4">
              <value>
                <![CDATA[Vijaya]]>
              </value>
            </param>
            <param index="5">
              <value>
                <![CDATA[TeamThree]]>
              </value>
            </param>
            <param index="6">
              <value>
                <![CDATA[86257694087]]>
              </value>
            </param>
            <param index="7">
              <value>
                <![CDATA[myteam3trial@gmail.com]]>
              </value>
            </param>
            <param index="8">
              <value>
                <![CDATA[19-a]]>
              </value>
            </param>
            <param index="9">
              <value>
                <![CDATA[Cypress Dr]]>
              </value>
            </param>
            <param index="10">
              <value>
                <![CDATA[Texas]]>
              </value>
            </param>
            <param index="11">
              <value>
                <![CDATA[USA]]>
              </value>
            </param>
            <param index="12">
              <value>
                <![CDATA[75688]]>
              </value>
            </param>
            <param index="13">
              <value>
                <![CDATA[400]]>
              </value>
            </param>
            <param index="14">
              <value>
                <![CDATA[Contact number(more than 10 digits)]]>
              </value>
            </param>
          </params>
          <reporter-output>
          </reporter-output>
        </test-method> <!-- testPostUser -->
        <test-method signature="testPostUser(java.lang.String,java.lang.String,java.lang.String,java.lang.String,java.lang.String,java.lang.String,java.lang.String,java.lang.String,java.lang.String,java.lang.String,java.lang.String,java.lang.String,java.lang.String,java.lang.String,java.lang.String)[pri:1, instance:api.test.DDTUserTestsNumpy@596df867]" started-at="2024-10-18T12:14:45 CDT" name="testPostUser" data-provider="PostUser" finished-at="2024-10-18T12:14:45 CDT" duration-ms="383" status="PASS">
          <params>
            <param index="0">
              <value>
                <![CDATA[createusers]]>
              </value>
            </param>
            <param index="1">
              <value>
                <![CDATA[application/json]]>
              </value>
            </param>
            <param index="2">
              <value>
                <![CDATA[]]>
              </value>
            </param>
            <param index="3">
              <value>
                <![CDATA[]]>
              </value>
            </param>
            <param index="4">
              <value>
                <![CDATA[Vijaya]]>
              </value>
            </param>
            <param index="5">
              <value>
                <![CDATA[TeamThree]]>
              </value>
            </param>
            <param index="6">
              <value>
                <![CDATA[Testing]]>
              </value>
            </param>
            <param index="7">
              <value>
                <![CDATA[myteam3trial@gmail.com]]>
              </value>
            </param>
            <param index="8">
              <value>
                <![CDATA[19-a]]>
              </value>
            </param>
            <param index="9">
              <value>
                <![CDATA[Cypress Dr]]>
              </value>
            </param>
            <param index="10">
              <value>
                <![CDATA[Texas]]>
              </value>
            </param>
            <param index="11">
              <value>
                <![CDATA[USA]]>
              </value>
            </param>
            <param index="12">
              <value>
                <![CDATA[75688]]>
              </value>
            </param>
            <param index="13">
              <value>
                <![CDATA[400]]>
              </value>
            </param>
            <param index="14">
              <value>
                <![CDATA[Contact number (String)]]>
              </value>
            </param>
          </params>
          <reporter-output>
          </reporter-output>
        </test-method> <!-- testPostUser -->
        <test-method signature="testPostUser(java.lang.String,java.lang.String,java.lang.String,java.lang.String,java.lang.String,java.lang.String,java.lang.String,java.lang.String,java.lang.String,java.lang.String,java.lang.String,java.lang.String,java.lang.String,java.lang.String,java.lang.String)[pri:1, instance:api.test.DDTUserTestsNumpy@596df867]" started-at="2024-10-18T12:14:45 CDT" name="testPostUser" data-provider="PostUser" finished-at="2024-10-18T12:14:45 CDT" duration-ms="382" status="PASS">
          <params>
            <param index="0">
              <value>
                <![CDATA[createusers]]>
              </value>
            </param>
            <param index="1">
              <value>
                <![CDATA[application/json]]>
              </value>
            </param>
            <param index="2">
              <value>
                <![CDATA[]]>
              </value>
            </param>
            <param index="3">
              <value>
                <![CDATA[]]>
              </value>
            </param>
            <param index="4">
              <value>
                <![CDATA[Vijaya]]>
              </value>
            </param>
            <param index="5">
              <value>
                <![CDATA[TeamTwo]]>
              </value>
            </param>
            <param index="6">
              <value>
                <![CDATA[8625769087]]>
              </value>
            </param>
            <param index="7">
              <value>
                <![CDATA[myteam3trial@gmail.com]]>
              </value>
            </param>
            <param index="8">
              <value>
                <![CDATA[Pl-23]]>
              </value>
            </param>
            <param index="9">
              <value>
                <![CDATA[Cypress Dr]]>
              </value>
            </param>
            <param index="10">
              <value>
                <![CDATA[Texas]]>
              </value>
            </param>
            <param index="11">
              <value>
                <![CDATA[USA]]>
              </value>
            </param>
            <param index="12">
              <value>
                <![CDATA[75688]]>
              </value>
            </param>
            <param index="13">
              <value>
                <![CDATA[409]]>
              </value>
            </param>
            <param index="14">
              <value>
                <![CDATA[Existing Contact number]]>
              </value>
            </param>
          </params>
          <reporter-output>
          </reporter-output>
        </test-method> <!-- testPostUser -->
        <test-method signature="testPostUser(java.lang.String,java.lang.String,java.lang.String,java.lang.String,java.lang.String,java.lang.String,java.lang.String,java.lang.String,java.lang.String,java.lang.String,java.lang.String,java.lang.String,java.lang.String,java.lang.String,java.lang.String)[pri:1, instance:api.test.DDTUserTestsNumpy@596df867]" started-at="2024-10-18T12:14:45 CDT" name="testPostUser" data-provider="PostUser" finished-at="2024-10-18T12:14:46 CDT" duration-ms="377" status="PASS">
          <params>
            <param index="0">
              <value>
                <![CDATA[createusers]]>
              </value>
            </param>
            <param index="1">
              <value>
                <![CDATA[application/json]]>
              </value>
            </param>
            <param index="2">
              <value>
                <![CDATA[]]>
              </value>
            </param>
            <param index="3">
              <value>
                <![CDATA[]]>
              </value>
            </param>
            <param index="4">
              <value>
                <![CDATA[Vijaya]]>
              </value>
            </param>
            <param index="5">
              <value>
                <![CDATA[TeamThree]]>
              </value>
            </param>
            <param index="6">
              <value>
                <![CDATA[8575111345]]>
              </value>
            </param>
            <param index="7">
              <value>
                <![CDATA[]]>
              </value>
            </param>
            <param index="8">
              <value>
                <![CDATA[19-a]]>
              </value>
            </param>
            <param index="9">
              <value>
                <![CDATA[Cypress Dr]]>
              </value>
            </param>
            <param index="10">
              <value>
                <![CDATA[Texas]]>
              </value>
            </param>
            <param index="11">
              <value>
                <![CDATA[USA]]>
              </value>
            </param>
            <param index="12">
              <value>
                <![CDATA[75688]]>
              </value>
            </param>
            <param index="13">
              <value>
                <![CDATA[400]]>
              </value>
            </param>
            <param index="14">
              <value>
                <![CDATA[without EMail]]>
              </value>
            </param>
          </params>
          <reporter-output>
          </reporter-output>
        </test-method> <!-- testPostUser -->
        <test-method signature="testPostUser(java.lang.String,java.lang.String,java.lang.String,java.lang.String,java.lang.String,java.lang.String,java.lang.String,java.lang.String,java.lang.String,java.lang.String,java.lang.String,java.lang.String,java.lang.String,java.lang.String,java.lang.String)[pri:1, instance:api.test.DDTUserTestsNumpy@596df867]" started-at="2024-10-18T12:14:46 CDT" name="testPostUser" data-provider="PostUser" finished-at="2024-10-18T12:14:46 CDT" duration-ms="379" status="PASS">
          <params>
            <param index="0">
              <value>
                <![CDATA[createusers]]>
              </value>
            </param>
            <param index="1">
              <value>
                <![CDATA[application/json]]>
              </value>
            </param>
            <param index="2">
              <value>
                <![CDATA[]]>
              </value>
            </param>
            <param index="3">
              <value>
                <![CDATA[]]>
              </value>
            </param>
            <param index="4">
              <value>
                <![CDATA[Vijaya]]>
              </value>
            </param>
            <param index="5">
              <value>
                <![CDATA[TeamThree]]>
              </value>
            </param>
            <param index="6">
              <value>
                <![CDATA[8575111345]]>
              </value>
            </param>
            <param index="7">
              <value>
                <![CDATA[jersygmail.com]]>
              </value>
            </param>
            <param index="8">
              <value>
                <![CDATA[19-a]]>
              </value>
            </param>
            <param index="9">
              <value>
                <![CDATA[Cypress Dr]]>
              </value>
            </param>
            <param index="10">
              <value>
                <![CDATA[Texas]]>
              </value>
            </param>
            <param index="11">
              <value>
                <![CDATA[USA]]>
              </value>
            </param>
            <param index="12">
              <value>
                <![CDATA[75688]]>
              </value>
            </param>
            <param index="13">
              <value>
                <![CDATA[400]]>
              </value>
            </param>
            <param index="14">
              <value>
                <![CDATA[Invalid Email]]>
              </value>
            </param>
          </params>
          <reporter-output>
          </reporter-output>
        </test-method> <!-- testPostUser -->
        <test-method signature="testPostUser(java.lang.String,java.lang.String,java.lang.String,java.lang.String,java.lang.String,java.lang.String,java.lang.String,java.lang.String,java.lang.String,java.lang.String,java.lang.String,java.lang.String,java.lang.String,java.lang.String,java.lang.String)[pri:1, instance:api.test.DDTUserTestsNumpy@596df867]" started-at="2024-10-18T12:14:46 CDT" name="testPostUser" data-provider="PostUser" finished-at="2024-10-18T12:14:47 CDT" duration-ms="403" status="PASS">
          <params>
            <param index="0">
              <value>
                <![CDATA[createusers]]>
              </value>
            </param>
            <param index="1">
              <value>
                <![CDATA[application/json]]>
              </value>
            </param>
            <param index="2">
              <value>
                <![CDATA[]]>
              </value>
            </param>
            <param index="3">
              <value>
                <![CDATA[]]>
              </value>
            </param>
            <param index="4">
              <value>
                <![CDATA[Vijaya]]>
              </value>
            </param>
            <param index="5">
              <value>
                <![CDATA[TeamThree]]>
              </value>
            </param>
            <param index="6">
              <value>
                <![CDATA[8575111345]]>
              </value>
            </param>
            <param index="7">
              <value>
                <![CDATA[Numpy@gmail.com]]>
              </value>
            </param>
            <param index="8">
              <value>
                <![CDATA[19-a]]>
              </value>
            </param>
            <param index="9">
              <value>
                <![CDATA[Cypress Dr]]>
              </value>
            </param>
            <param index="10">
              <value>
                <![CDATA[Texas]]>
              </value>
            </param>
            <param index="11">
              <value>
                <![CDATA[USA]]>
              </value>
            </param>
            <param index="12">
              <value>
                <![CDATA[75688]]>
              </value>
            </param>
            <param index="13">
              <value>
                <![CDATA[409]]>
              </value>
            </param>
            <param index="14">
              <value>
                <![CDATA[Existing Email ID]]>
              </value>
            </param>
          </params>
          <reporter-output>
          </reporter-output>
        </test-method> <!-- testPostUser -->
        <test-method signature="testPostUser(java.lang.String,java.lang.String,java.lang.String,java.lang.String,java.lang.String,java.lang.String,java.lang.String,java.lang.String,java.lang.String,java.lang.String,java.lang.String,java.lang.String,java.lang.String,java.lang.String,java.lang.String)[pri:1, instance:api.test.DDTUserTestsNumpy@596df867]" started-at="2024-10-18T12:14:47 CDT" name="testPostUser" data-provider="PostUser" finished-at="2024-10-18T12:14:47 CDT" duration-ms="393" status="PASS">
          <params>
            <param index="0">
              <value>
                <![CDATA[createusers]]>
              </value>
            </param>
            <param index="1">
              <value>
                <![CDATA[application/json]]>
              </value>
            </param>
            <param index="2">
              <value>
                <![CDATA[]]>
              </value>
            </param>
            <param index="3">
              <value>
                <![CDATA[]]>
              </value>
            </param>
            <param index="4">
              <value>
                <![CDATA[Vijaya]]>
              </value>
            </param>
            <param index="5">
              <value>
                <![CDATA[TeamThree]]>
              </value>
            </param>
            <param index="6">
              <value>
                <![CDATA[8575111345]]>
              </value>
            </param>
            <param index="7">
              <value>
                <![CDATA[myteam3trial@gmail.com]]>
              </value>
            </param>
            <param index="8">
              <value>
                <![CDATA[]]>
              </value>
            </param>
            <param index="9">
              <value>
                <![CDATA[Cypress Dr]]>
              </value>
            </param>
            <param index="10">
              <value>
                <![CDATA[Texas]]>
              </value>
            </param>
            <param index="11">
              <value>
                <![CDATA[USA]]>
              </value>
            </param>
            <param index="12">
              <value>
                <![CDATA[75688]]>
              </value>
            </param>
            <param index="13">
              <value>
                <![CDATA[400]]>
              </value>
            </param>
            <param index="14">
              <value>
                <![CDATA[Empty Plot number]]>
              </value>
            </param>
          </params>
          <reporter-output>
          </reporter-output>
        </test-method> <!-- testPostUser -->
        <test-method signature="testPostUser(java.lang.String,java.lang.String,java.lang.String,java.lang.String,java.lang.String,java.lang.String,java.lang.String,java.lang.String,java.lang.String,java.lang.String,java.lang.String,java.lang.String,java.lang.String,java.lang.String,java.lang.String)[pri:1, instance:api.test.DDTUserTestsNumpy@596df867]" started-at="2024-10-18T12:14:47 CDT" name="testPostUser" data-provider="PostUser" finished-at="2024-10-18T12:14:47 CDT" duration-ms="377" status="PASS">
          <params>
            <param index="0">
              <value>
                <![CDATA[createusers]]>
              </value>
            </param>
            <param index="1">
              <value>
                <![CDATA[application/json]]>
              </value>
            </param>
            <param index="2">
              <value>
                <![CDATA[]]>
              </value>
            </param>
            <param index="3">
              <value>
                <![CDATA[]]>
              </value>
            </param>
            <param index="4">
              <value>
                <![CDATA[Vijaya]]>
              </value>
            </param>
            <param index="5">
              <value>
                <![CDATA[TeamThree]]>
              </value>
            </param>
            <param index="6">
              <value>
                <![CDATA[8575111345]]>
              </value>
            </param>
            <param index="7">
              <value>
                <![CDATA[myteam3trial@gmail.com]]>
              </value>
            </param>
            <param index="8">
              <value>
                <![CDATA[109894]]>
              </value>
            </param>
            <param index="9">
              <value>
                <![CDATA[Cypress Dr]]>
              </value>
            </param>
            <param index="10">
              <value>
                <![CDATA[Texas]]>
              </value>
            </param>
            <param index="11">
              <value>
                <![CDATA[USA]]>
              </value>
            </param>
            <param index="12">
              <value>
                <![CDATA[75688]]>
              </value>
            </param>
            <param index="13">
              <value>
                <![CDATA[400]]>
              </value>
            </param>
            <param index="14">
              <value>
                <![CDATA[Invalid Plot Number(onlynumbers)]]>
              </value>
            </param>
          </params>
          <reporter-output>
          </reporter-output>
        </test-method> <!-- testPostUser -->
        <test-method signature="testPostUser(java.lang.String,java.lang.String,java.lang.String,java.lang.String,java.lang.String,java.lang.String,java.lang.String,java.lang.String,java.lang.String,java.lang.String,java.lang.String,java.lang.String,java.lang.String,java.lang.String,java.lang.String)[pri:1, instance:api.test.DDTUserTestsNumpy@596df867]" started-at="2024-10-18T12:14:47 CDT" name="testPostUser" data-provider="PostUser" finished-at="2024-10-18T12:14:48 CDT" duration-ms="385" status="PASS">
          <params>
            <param index="0">
              <value>
                <![CDATA[createusers]]>
              </value>
            </param>
            <param index="1">
              <value>
                <![CDATA[application/json]]>
              </value>
            </param>
            <param index="2">
              <value>
                <![CDATA[]]>
              </value>
            </param>
            <param index="3">
              <value>
                <![CDATA[]]>
              </value>
            </param>
            <param index="4">
              <value>
                <![CDATA[Vijaya]]>
              </value>
            </param>
            <param index="5">
              <value>
                <![CDATA[TeamThree]]>
              </value>
            </param>
            <param index="6">
              <value>
                <![CDATA[8575111345]]>
              </value>
            </param>
            <param index="7">
              <value>
                <![CDATA[myteam3trial@gmail.com]]>
              </value>
            </param>
            <param index="8">
              <value>
                <![CDATA[sgfd]]>
              </value>
            </param>
            <param index="9">
              <value>
                <![CDATA[Cypress Dr]]>
              </value>
            </param>
            <param index="10">
              <value>
                <![CDATA[Texas]]>
              </value>
            </param>
            <param index="11">
              <value>
                <![CDATA[USA]]>
              </value>
            </param>
            <param index="12">
              <value>
                <![CDATA[75688]]>
              </value>
            </param>
            <param index="13">
              <value>
                <![CDATA[400]]>
              </value>
            </param>
            <param index="14">
              <value>
                <![CDATA[Invalid Plot Number(onlyString)]]>
              </value>
            </param>
          </params>
          <reporter-output>
          </reporter-output>
        </test-method> <!-- testPostUser -->
        <test-method signature="testPostUser(java.lang.String,java.lang.String,java.lang.String,java.lang.String,java.lang.String,java.lang.String,java.lang.String,java.lang.String,java.lang.String,java.lang.String,java.lang.String,java.lang.String,java.lang.String,java.lang.String,java.lang.String)[pri:1, instance:api.test.DDTUserTestsNumpy@596df867]" started-at="2024-10-18T12:14:48 CDT" name="testPostUser" data-provider="PostUser" finished-at="2024-10-18T12:14:48 CDT" duration-ms="382" status="PASS">
          <params>
            <param index="0">
              <value>
                <![CDATA[createusers]]>
              </value>
            </param>
            <param index="1">
              <value>
                <![CDATA[application/json]]>
              </value>
            </param>
            <param index="2">
              <value>
                <![CDATA[]]>
              </value>
            </param>
            <param index="3">
              <value>
                <![CDATA[]]>
              </value>
            </param>
            <param index="4">
              <value>
                <![CDATA[Vijaya]]>
              </value>
            </param>
            <param index="5">
              <value>
                <![CDATA[TeamThree]]>
              </value>
            </param>
            <param index="6">
              <value>
                <![CDATA[8575111345]]>
              </value>
            </param>
            <param index="7">
              <value>
                <![CDATA[myteam3trial@gmail.com]]>
              </value>
            </param>
            <param index="8">
              <value>
                <![CDATA[19a]]>
              </value>
            </param>
            <param index="9">
              <value>
                <![CDATA[Cypress Dr]]>
              </value>
            </param>
            <param index="10">
              <value>
                <![CDATA[Texas]]>
              </value>
            </param>
            <param index="11">
              <value>
                <![CDATA[USA]]>
              </value>
            </param>
            <param index="12">
              <value>
                <![CDATA[75688]]>
              </value>
            </param>
            <param index="13">
              <value>
                <![CDATA[400]]>
              </value>
            </param>
            <param index="14">
              <value>
                <![CDATA[Invalid Plot Number(without-)]]>
              </value>
            </param>
          </params>
          <reporter-output>
          </reporter-output>
        </test-method> <!-- testPostUser -->
        <test-method signature="testPostUser(java.lang.String,java.lang.String,java.lang.String,java.lang.String,java.lang.String,java.lang.String,java.lang.String,java.lang.String,java.lang.String,java.lang.String,java.lang.String,java.lang.String,java.lang.String,java.lang.String,java.lang.String)[pri:1, instance:api.test.DDTUserTestsNumpy@596df867]" started-at="2024-10-18T12:14:48 CDT" name="testPostUser" data-provider="PostUser" finished-at="2024-10-18T12:14:49 CDT" duration-ms="386" status="PASS">
          <params>
            <param index="0">
              <value>
                <![CDATA[createusers]]>
              </value>
            </param>
            <param index="1">
              <value>
                <![CDATA[application/json]]>
              </value>
            </param>
            <param index="2">
              <value>
                <![CDATA[]]>
              </value>
            </param>
            <param index="3">
              <value>
                <![CDATA[]]>
              </value>
            </param>
            <param index="4">
              <value>
                <![CDATA[Vijaya]]>
              </value>
            </param>
            <param index="5">
              <value>
                <![CDATA[TeamThree]]>
              </value>
            </param>
            <param index="6">
              <value>
                <![CDATA[8575111345]]>
              </value>
            </param>
            <param index="7">
              <value>
                <![CDATA[myteam3trial@gmail.com]]>
              </value>
            </param>
            <param index="8">
              <value>
                <![CDATA[19-a]]>
              </value>
            </param>
            <param index="9">
              <value>
                <![CDATA[cypr12 Drive]]>
              </value>
            </param>
            <param index="10">
              <value>
                <![CDATA[Texas]]>
              </value>
            </param>
            <param index="11">
              <value>
                <![CDATA[USA]]>
              </value>
            </param>
            <param index="12">
              <value>
                <![CDATA[75688]]>
              </value>
            </param>
            <param index="13">
              <value>
                <![CDATA[400]]>
              </value>
            </param>
            <param index="14">
              <value>
                <![CDATA[Invalid Street (only numbers with  alpha numberic)]]>
              </value>
            </param>
          </params>
          <reporter-output>
          </reporter-output>
        </test-method> <!-- testPostUser -->
        <test-method signature="testPostUser(java.lang.String,java.lang.String,java.lang.String,java.lang.String,java.lang.String,java.lang.String,java.lang.String,java.lang.String,java.lang.String,java.lang.String,java.lang.String,java.lang.String,java.lang.String,java.lang.String,java.lang.String)[pri:1, instance:api.test.DDTUserTestsNumpy@596df867]" started-at="2024-10-18T12:14:49 CDT" name="testPostUser" data-provider="PostUser" finished-at="2024-10-18T12:14:49 CDT" duration-ms="379" status="PASS">
          <params>
            <param index="0">
              <value>
                <![CDATA[createusers]]>
              </value>
            </param>
            <param index="1">
              <value>
                <![CDATA[application/json]]>
              </value>
            </param>
            <param index="2">
              <value>
                <![CDATA[]]>
              </value>
            </param>
            <param index="3">
              <value>
                <![CDATA[]]>
              </value>
            </param>
            <param index="4">
              <value>
                <![CDATA[Vijaya]]>
              </value>
            </param>
            <param index="5">
              <value>
                <![CDATA[TeamThree]]>
              </value>
            </param>
            <param index="6">
              <value>
                <![CDATA[8575111345]]>
              </value>
            </param>
            <param index="7">
              <value>
                <![CDATA[myteam3trial@gmail.com]]>
              </value>
            </param>
            <param index="8">
              <value>
                <![CDATA[19-a]]>
              </value>
            </param>
            <param index="9">
              <value>
                <![CDATA[Cypress$$ Drive]]>
              </value>
            </param>
            <param index="10">
              <value>
                <![CDATA[Texas]]>
              </value>
            </param>
            <param index="11">
              <value>
                <![CDATA[USA]]>
              </value>
            </param>
            <param index="12">
              <value>
                <![CDATA[75688]]>
              </value>
            </param>
            <param index="13">
              <value>
                <![CDATA[400]]>
              </value>
            </param>
            <param index="14">
              <value>
                <![CDATA[Invalid Street(only string  with spl char)]]>
              </value>
            </param>
          </params>
          <reporter-output>
          </reporter-output>
        </test-method> <!-- testPostUser -->
        <test-method signature="testPostUser(java.lang.String,java.lang.String,java.lang.String,java.lang.String,java.lang.String,java.lang.String,java.lang.String,java.lang.String,java.lang.String,java.lang.String,java.lang.String,java.lang.String,java.lang.String,java.lang.String,java.lang.String)[pri:1, instance:api.test.DDTUserTestsNumpy@596df867]" started-at="2024-10-18T12:14:49 CDT" name="testPostUser" data-provider="PostUser" finished-at="2024-10-18T12:14:49 CDT" duration-ms="384" status="PASS">
          <params>
            <param index="0">
              <value>
                <![CDATA[createusers]]>
              </value>
            </param>
            <param index="1">
              <value>
                <![CDATA[application/json]]>
              </value>
            </param>
            <param index="2">
              <value>
                <![CDATA[]]>
              </value>
            </param>
            <param index="3">
              <value>
                <![CDATA[]]>
              </value>
            </param>
            <param index="4">
              <value>
                <![CDATA[Vijaya]]>
              </value>
            </param>
            <param index="5">
              <value>
                <![CDATA[TeamThree]]>
              </value>
            </param>
            <param index="6">
              <value>
                <![CDATA[8575111345]]>
              </value>
            </param>
            <param index="7">
              <value>
                <![CDATA[myteam3trial@gmail.com]]>
              </value>
            </param>
            <param index="8">
              <value>
                <![CDATA[19-a]]>
              </value>
            </param>
            <param index="9">
              <value>
                <![CDATA[]]>
              </value>
            </param>
            <param index="10">
              <value>
                <![CDATA[Texas]]>
              </value>
            </param>
            <param index="11">
              <value>
                <![CDATA[USA]]>
              </value>
            </param>
            <param index="12">
              <value>
                <![CDATA[75688]]>
              </value>
            </param>
            <param index="13">
              <value>
                <![CDATA[400]]>
              </value>
            </param>
            <param index="14">
              <value>
                <![CDATA[Invalid Street (Empty Field)]]>
              </value>
            </param>
          </params>
          <reporter-output>
          </reporter-output>
        </test-method> <!-- testPostUser -->
        <test-method signature="testPostUser(java.lang.String,java.lang.String,java.lang.String,java.lang.String,java.lang.String,java.lang.String,java.lang.String,java.lang.String,java.lang.String,java.lang.String,java.lang.String,java.lang.String,java.lang.String,java.lang.String,java.lang.String)[pri:1, instance:api.test.DDTUserTestsNumpy@596df867]" started-at="2024-10-18T12:14:49 CDT" name="testPostUser" data-provider="PostUser" finished-at="2024-10-18T12:14:50 CDT" duration-ms="384" status="PASS">
          <params>
            <param index="0">
              <value>
                <![CDATA[createusers]]>
              </value>
            </param>
            <param index="1">
              <value>
                <![CDATA[application/json]]>
              </value>
            </param>
            <param index="2">
              <value>
                <![CDATA[]]>
              </value>
            </param>
            <param index="3">
              <value>
                <![CDATA[]]>
              </value>
            </param>
            <param index="4">
              <value>
                <![CDATA[Vijaya]]>
              </value>
            </param>
            <param index="5">
              <value>
                <![CDATA[TeamThree]]>
              </value>
            </param>
            <param index="6">
              <value>
                <![CDATA[8575111345]]>
              </value>
            </param>
            <param index="7">
              <value>
                <![CDATA[myteam3trial@gmail.com]]>
              </value>
            </param>
            <param index="8">
              <value>
                <![CDATA[19-a]]>
              </value>
            </param>
            <param index="9">
              <value>
                <![CDATA[Cypress Dr]]>
              </value>
            </param>
            <param index="10">
              <value>
                <![CDATA[Texas123]]>
              </value>
            </param>
            <param index="11">
              <value>
                <![CDATA[USA]]>
              </value>
            </param>
            <param index="12">
              <value>
                <![CDATA[75688]]>
              </value>
            </param>
            <param index="13">
              <value>
                <![CDATA[400]]>
              </value>
            </param>
            <param index="14">
              <value>
                <![CDATA[Invalid State( alpha numberic)]]>
              </value>
            </param>
          </params>
          <reporter-output>
          </reporter-output>
        </test-method> <!-- testPostUser -->
        <test-method signature="testPostUser(java.lang.String,java.lang.String,java.lang.String,java.lang.String,java.lang.String,java.lang.String,java.lang.String,java.lang.String,java.lang.String,java.lang.String,java.lang.String,java.lang.String,java.lang.String,java.lang.String,java.lang.String)[pri:1, instance:api.test.DDTUserTestsNumpy@596df867]" started-at="2024-10-18T12:14:50 CDT" name="testPostUser" data-provider="PostUser" finished-at="2024-10-18T12:14:50 CDT" duration-ms="386" status="PASS">
          <params>
            <param index="0">
              <value>
                <![CDATA[createusers]]>
              </value>
            </param>
            <param index="1">
              <value>
                <![CDATA[application/json]]>
              </value>
            </param>
            <param index="2">
              <value>
                <![CDATA[]]>
              </value>
            </param>
            <param index="3">
              <value>
                <![CDATA[]]>
              </value>
            </param>
            <param index="4">
              <value>
                <![CDATA[Vijaya]]>
              </value>
            </param>
            <param index="5">
              <value>
                <![CDATA[TeamThree]]>
              </value>
            </param>
            <param index="6">
              <value>
                <![CDATA[8575111345]]>
              </value>
            </param>
            <param index="7">
              <value>
                <![CDATA[myteam3trial@gmail.com]]>
              </value>
            </param>
            <param index="8">
              <value>
                <![CDATA[19-a]]>
              </value>
            </param>
            <param index="9">
              <value>
                <![CDATA[Cypress Dr]]>
              </value>
            </param>
            <param index="10">
              <value>
                <![CDATA[Texa@$$]]>
              </value>
            </param>
            <param index="11">
              <value>
                <![CDATA[USA]]>
              </value>
            </param>
            <param index="12">
              <value>
                <![CDATA[75688]]>
              </value>
            </param>
            <param index="13">
              <value>
                <![CDATA[400]]>
              </value>
            </param>
            <param index="14">
              <value>
                <![CDATA[Invalid State(only string  with spl char)]]>
              </value>
            </param>
          </params>
          <reporter-output>
          </reporter-output>
        </test-method> <!-- testPostUser -->
        <test-method signature="testPostUser(java.lang.String,java.lang.String,java.lang.String,java.lang.String,java.lang.String,java.lang.String,java.lang.String,java.lang.String,java.lang.String,java.lang.String,java.lang.String,java.lang.String,java.lang.String,java.lang.String,java.lang.String)[pri:1, instance:api.test.DDTUserTestsNumpy@596df867]" started-at="2024-10-18T12:14:50 CDT" name="testPostUser" data-provider="PostUser" finished-at="2024-10-18T12:14:50 CDT" duration-ms="386" status="PASS">
          <params>
            <param index="0">
              <value>
                <![CDATA[createusers]]>
              </value>
            </param>
            <param index="1">
              <value>
                <![CDATA[application/json]]>
              </value>
            </param>
            <param index="2">
              <value>
                <![CDATA[]]>
              </value>
            </param>
            <param index="3">
              <value>
                <![CDATA[]]>
              </value>
            </param>
            <param index="4">
              <value>
                <![CDATA[Vijaya]]>
              </value>
            </param>
            <param index="5">
              <value>
                <![CDATA[TeamTeam]]>
              </value>
            </param>
            <param index="6">
              <value>
                <![CDATA[8575111345]]>
              </value>
            </param>
            <param index="7">
              <value>
                <![CDATA[myteam3trial@gmail.com]]>
              </value>
            </param>
            <param index="8">
              <value>
                <![CDATA[19-a]]>
              </value>
            </param>
            <param index="9">
              <value>
                <![CDATA[Cypress Dr]]>
              </value>
            </param>
            <param index="10">
              <value>
                <![CDATA[]]>
              </value>
            </param>
            <param index="11">
              <value>
                <![CDATA[USA]]>
              </value>
            </param>
            <param index="12">
              <value>
                <![CDATA[75688]]>
              </value>
            </param>
            <param index="13">
              <value>
                <![CDATA[400]]>
              </value>
            </param>
            <param index="14">
              <value>
                <![CDATA[Invalid state(Empty)]]>
              </value>
            </param>
          </params>
          <reporter-output>
          </reporter-output>
        </test-method> <!-- testPostUser -->
        <test-method signature="testPostUser(java.lang.String,java.lang.String,java.lang.String,java.lang.String,java.lang.String,java.lang.String,java.lang.String,java.lang.String,java.lang.String,java.lang.String,java.lang.String,java.lang.String,java.lang.String,java.lang.String,java.lang.String)[pri:1, instance:api.test.DDTUserTestsNumpy@596df867]" started-at="2024-10-18T12:14:50 CDT" name="testPostUser" data-provider="PostUser" finished-at="2024-10-18T12:14:51 CDT" duration-ms="390" status="PASS">
          <params>
            <param index="0">
              <value>
                <![CDATA[createusers]]>
              </value>
            </param>
            <param index="1">
              <value>
                <![CDATA[application/json]]>
              </value>
            </param>
            <param index="2">
              <value>
                <![CDATA[]]>
              </value>
            </param>
            <param index="3">
              <value>
                <![CDATA[]]>
              </value>
            </param>
            <param index="4">
              <value>
                <![CDATA[Vijaya]]>
              </value>
            </param>
            <param index="5">
              <value>
                <![CDATA[TeamTeam]]>
              </value>
            </param>
            <param index="6">
              <value>
                <![CDATA[8575111345]]>
              </value>
            </param>
            <param index="7">
              <value>
                <![CDATA[myteam3trial@gmail.com]]>
              </value>
            </param>
            <param index="8">
              <value>
                <![CDATA[19-a]]>
              </value>
            </param>
            <param index="9">
              <value>
                <![CDATA[Cypress Dr]]>
              </value>
            </param>
            <param index="10">
              <value>
                <![CDATA[Texas]]>
              </value>
            </param>
            <param index="11">
              <value>
                <![CDATA[USA123]]>
              </value>
            </param>
            <param index="12">
              <value>
                <![CDATA[75688]]>
              </value>
            </param>
            <param index="13">
              <value>
                <![CDATA[400]]>
              </value>
            </param>
            <param index="14">
              <value>
                <![CDATA[Invalid country  (Num With Alpha numeric)]]>
              </value>
            </param>
          </params>
          <reporter-output>
          </reporter-output>
        </test-method> <!-- testPostUser -->
        <test-method signature="testPostUser(java.lang.String,java.lang.String,java.lang.String,java.lang.String,java.lang.String,java.lang.String,java.lang.String,java.lang.String,java.lang.String,java.lang.String,java.lang.String,java.lang.String,java.lang.String,java.lang.String,java.lang.String)[pri:1, instance:api.test.DDTUserTestsNumpy@596df867]" started-at="2024-10-18T12:14:51 CDT" name="testPostUser" data-provider="PostUser" finished-at="2024-10-18T12:14:51 CDT" duration-ms="393" status="PASS">
          <params>
            <param index="0">
              <value>
                <![CDATA[createusers]]>
              </value>
            </param>
            <param index="1">
              <value>
                <![CDATA[application/json]]>
              </value>
            </param>
            <param index="2">
              <value>
                <![CDATA[]]>
              </value>
            </param>
            <param index="3">
              <value>
                <![CDATA[]]>
              </value>
            </param>
            <param index="4">
              <value>
                <![CDATA[Vijaya]]>
              </value>
            </param>
            <param index="5">
              <value>
                <![CDATA[TeamTeam]]>
              </value>
            </param>
            <param index="6">
              <value>
                <![CDATA[8575111345]]>
              </value>
            </param>
            <param index="7">
              <value>
                <![CDATA[myteam3trial@gmail.com]]>
              </value>
            </param>
            <param index="8">
              <value>
                <![CDATA[19-a]]>
              </value>
            </param>
            <param index="9">
              <value>
                <![CDATA[Cypress Dr]]>
              </value>
            </param>
            <param index="10">
              <value>
                <![CDATA[Texas]]>
              </value>
            </param>
            <param index="11">
              <value>
                <![CDATA[UA$$]]>
              </value>
            </param>
            <param index="12">
              <value>
                <![CDATA[75688]]>
              </value>
            </param>
            <param index="13">
              <value>
                <![CDATA[400]]>
              </value>
            </param>
            <param index="14">
              <value>
                <![CDATA[Invalid country (Num with spl char)]]>
              </value>
            </param>
          </params>
          <reporter-output>
          </reporter-output>
        </test-method> <!-- testPostUser -->
        <test-method signature="testPostUser(java.lang.String,java.lang.String,java.lang.String,java.lang.String,java.lang.String,java.lang.String,java.lang.String,java.lang.String,java.lang.String,java.lang.String,java.lang.String,java.lang.String,java.lang.String,java.lang.String,java.lang.String)[pri:1, instance:api.test.DDTUserTestsNumpy@596df867]" started-at="2024-10-18T12:14:51 CDT" name="testPostUser" data-provider="PostUser" finished-at="2024-10-18T12:14:52 CDT" duration-ms="376" status="PASS">
          <params>
            <param index="0">
              <value>
                <![CDATA[createusers]]>
              </value>
            </param>
            <param index="1">
              <value>
                <![CDATA[application/json]]>
              </value>
            </param>
            <param index="2">
              <value>
                <![CDATA[]]>
              </value>
            </param>
            <param index="3">
              <value>
                <![CDATA[]]>
              </value>
            </param>
            <param index="4">
              <value>
                <![CDATA[Vijaya]]>
              </value>
            </param>
            <param index="5">
              <value>
                <![CDATA[TeamTeam]]>
              </value>
            </param>
            <param index="6">
              <value>
                <![CDATA[8575111345]]>
              </value>
            </param>
            <param index="7">
              <value>
                <![CDATA[myteam3trial@gmail.com]]>
              </value>
            </param>
            <param index="8">
              <value>
                <![CDATA[19-a]]>
              </value>
            </param>
            <param index="9">
              <value>
                <![CDATA[Cypress Dr]]>
              </value>
            </param>
            <param index="10">
              <value>
                <![CDATA[Texas]]>
              </value>
            </param>
            <param index="11">
              <value>
                <![CDATA[]]>
              </value>
            </param>
            <param index="12">
              <value>
                <![CDATA[75688]]>
              </value>
            </param>
            <param index="13">
              <value>
                <![CDATA[400]]>
              </value>
            </param>
            <param index="14">
              <value>
                <![CDATA[Invalid country (Empty)]]>
              </value>
            </param>
          </params>
          <reporter-output>
          </reporter-output>
        </test-method> <!-- testPostUser -->
        <test-method signature="testPostUser(java.lang.String,java.lang.String,java.lang.String,java.lang.String,java.lang.String,java.lang.String,java.lang.String,java.lang.String,java.lang.String,java.lang.String,java.lang.String,java.lang.String,java.lang.String,java.lang.String,java.lang.String)[pri:1, instance:api.test.DDTUserTestsNumpy@596df867]" started-at="2024-10-18T12:14:52 CDT" name="testPostUser" data-provider="PostUser" finished-at="2024-10-18T12:14:52 CDT" duration-ms="387" status="PASS">
          <params>
            <param index="0">
              <value>
                <![CDATA[createusers]]>
              </value>
            </param>
            <param index="1">
              <value>
                <![CDATA[application/json]]>
              </value>
            </param>
            <param index="2">
              <value>
                <![CDATA[]]>
              </value>
            </param>
            <param index="3">
              <value>
                <![CDATA[]]>
              </value>
            </param>
            <param index="4">
              <value>
                <![CDATA[Vijaya]]>
              </value>
            </param>
            <param index="5">
              <value>
                <![CDATA[TeamTeam]]>
              </value>
            </param>
            <param index="6">
              <value>
                <![CDATA[8575111345]]>
              </value>
            </param>
            <param index="7">
              <value>
                <![CDATA[myteam3trial@gmail.com]]>
              </value>
            </param>
            <param index="8">
              <value>
                <![CDATA[19-a]]>
              </value>
            </param>
            <param index="9">
              <value>
                <![CDATA[Cypress Dr]]>
              </value>
            </param>
            <param index="10">
              <value>
                <![CDATA[Texas]]>
              </value>
            </param>
            <param index="11">
              <value>
                <![CDATA[USA]]>
              </value>
            </param>
            <param index="12">
              <value>
                <![CDATA[ZIP]]>
              </value>
            </param>
            <param index="13">
              <value>
                <![CDATA[400]]>
              </value>
            </param>
            <param index="14">
              <value>
                <![CDATA[Invalid Zipcode(only String)]]>
              </value>
            </param>
          </params>
          <reporter-output>
          </reporter-output>
        </test-method> <!-- testPostUser -->
        <test-method signature="testPostUser(java.lang.String,java.lang.String,java.lang.String,java.lang.String,java.lang.String,java.lang.String,java.lang.String,java.lang.String,java.lang.String,java.lang.String,java.lang.String,java.lang.String,java.lang.String,java.lang.String,java.lang.String)[pri:1, instance:api.test.DDTUserTestsNumpy@596df867]" started-at="2024-10-18T12:14:52 CDT" name="testPostUser" data-provider="PostUser" finished-at="2024-10-18T12:14:52 CDT" duration-ms="382" status="PASS">
          <params>
            <param index="0">
              <value>
                <![CDATA[createusers]]>
              </value>
            </param>
            <param index="1">
              <value>
                <![CDATA[application/json]]>
              </value>
            </param>
            <param index="2">
              <value>
                <![CDATA[]]>
              </value>
            </param>
            <param index="3">
              <value>
                <![CDATA[]]>
              </value>
            </param>
            <param index="4">
              <value>
                <![CDATA[Vijaya]]>
              </value>
            </param>
            <param index="5">
              <value>
                <![CDATA[TeamTeam]]>
              </value>
            </param>
            <param index="6">
              <value>
                <![CDATA[8575111345]]>
              </value>
            </param>
            <param index="7">
              <value>
                <![CDATA[myteam3trial@gmail.com]]>
              </value>
            </param>
            <param index="8">
              <value>
                <![CDATA[19-a]]>
              </value>
            </param>
            <param index="9">
              <value>
                <![CDATA[Cypress Dr]]>
              </value>
            </param>
            <param index="10">
              <value>
                <![CDATA[Texas]]>
              </value>
            </param>
            <param index="11">
              <value>
                <![CDATA[USA]]>
              </value>
            </param>
            <param index="12">
              <value>
                <![CDATA[zip$$]]>
              </value>
            </param>
            <param index="13">
              <value>
                <![CDATA[400]]>
              </value>
            </param>
            <param index="14">
              <value>
[...]
at api.test.DDTUserTestsNumpy.testPostUserWithMandatoryDetails(DDTUserTestsNumpy.java:369)
at java.base/jdk.internal.reflect.DirectMethodHandleAccessor.invoke(DirectMethodHandleAccessor.java:103)
at java.base/java.lang.reflect.Method.invoke(Method.java:580)
at org.testng.internal.invokers.MethodInvocationHelper.invokeMethod(MethodInvocationHelper.java:141)
at org.testng.internal.invokers.TestInvoker.invokeMethod(TestInvoker.java:686)
at org.testng.internal.invokers.TestInvoker.invokeTestMethod(TestInvoker.java:230)
at org.testng.internal.invokers.MethodRunner.runInSequence(MethodRunner.java:63)
at org.testng.internal.invokers.TestInvoker$MethodInvocationAgent.invoke(TestInvoker.java:992)
at org.testng.internal.invokers.TestInvoker.invokeTestMethods(TestInvoker.java:203)
at org.testng.internal.invokers.TestMethodWorker.invokeTestMethods(TestMethodWorker.java:154)
at org.testng.internal.invokers.TestMethodWorker.run(TestMethodWorker.java:134)
at java.base/java.util.ArrayList.forEach(ArrayList.java:1596)
at org.testng.TestRunner.privateRun(TestRunner.java:739)
at org.testng.TestRunner.run(TestRunner.java:614)
at org.testng.SuiteRunner.runTest(SuiteRunner.java:421)
at org.testng.SuiteRunner.runSequentially(SuiteRunner.java:413)
at org.testng.SuiteRunner.privateRun(SuiteRunner.java:373)
at org.testng.SuiteRunner.run(SuiteRunner.java:312)
at org.testng.SuiteRunnerWorker.runSuite(SuiteRunnerWorker.java:52)
at org.testng.SuiteRunnerWorker.run(SuiteRunnerWorker.java:95)
at org.testng.TestNG.runSuitesSequentially(TestNG.java:1274)
at org.testng.TestNG.runSuitesLocally(TestNG.java:1208)
at org.testng.TestNG.runSuites(TestNG.java:1112)
at org.testng.TestNG.run(TestNG.java:1079)
at org.testng.remote.AbstractRemoteTestNG.run(AbstractRemoteTestNG.java:115)
at org.testng.remote.RemoteTestNG.initAndRun(RemoteTestNG.java:293)
at org.testng.remote.RemoteTestNG.main(RemoteTestNG.java:91)
]]>
            </full-stacktrace>
          </exception> <!-- java.lang.AssertionError -->
          <reporter-output>
          </reporter-output>
        </test-method> <!-- testPostUserWithMandatoryDetails -->
        <test-method signature="DeleteUserByFirstName(java.lang.String,java.lang.String,java.lang.String,java.lang.String,java.lang.String,java.lang.String,java.lang.String)[pri:8, instance:api.test.DDTUserTestsNumpy@596df867]" started-at="2024-10-18T12:15:36 CDT" name="DeleteUserByFirstName" data-provider="DeleteUserByFirstName" finished-at="2024-10-18T12:15:36 CDT" duration-ms="377" status="PASS">
          <params>
            <param index="0">
              <value>
                <![CDATA[deleteuser]]>
              </value>
            </param>
            <param index="1">
              <value>
                <![CDATA[username]]>
              </value>
            </param>
            <param index="2">
              <value>
                <![CDATA[]]>
              </value>
            </param>
            <param index="3">
              <value>
                <![CDATA[]]>
              </value>
            </param>
            <param index="4">
              <value>
                <![CDATA[]]>
              </value>
            </param>
            <param index="5">
              <value>
                <![CDATA[200]]>
              </value>
            </param>
            <param index="6">
              <value>
                <![CDATA[Valid User FirstName(401)]]>
              </value>
            </param>
          </params>
          <reporter-output>
          </reporter-output>
        </test-method> <!-- DeleteUserByFirstName -->
        <test-method signature="DeleteUserByFirstName(java.lang.String,java.lang.String,java.lang.String,java.lang.String,java.lang.String,java.lang.String,java.lang.String)[pri:8, instance:api.test.DDTUserTestsNumpy@596df867]" started-at="2024-10-18T12:15:36 CDT" name="DeleteUserByFirstName" data-provider="DeleteUserByFirstName" finished-at="2024-10-18T12:15:36 CDT" duration-ms="378" status="PASS">
          <params>
            <param index="0">
              <value>
                <![CDATA[deleteuser]]>
              </value>
            </param>
            <param index="1">
              <value>
                <![CDATA[username]]>
              </value>
            </param>
            <param index="2">
              <value>
                <![CDATA[hgfdjfgd]]>
              </value>
            </param>
            <param index="3">
              <value>
                <![CDATA[]]>
              </value>
            </param>
            <param index="4">
              <value>
                <![CDATA[]]>
              </value>
            </param>
            <param index="5">
              <value>
                <![CDATA[404]]>
              </value>
            </param>
            <param index="6">
              <value>
                <![CDATA[InValid UserFirstName]]>
              </value>
            </param>
          </params>
          <reporter-output>
          </reporter-output>
        </test-method> <!-- DeleteUserByFirstName -->
        <test-method signature="DeleteUserByFirstName(java.lang.String,java.lang.String,java.lang.String,java.lang.String,java.lang.String,java.lang.String,java.lang.String)[pri:8, instance:api.test.DDTUserTestsNumpy@596df867]" started-at="2024-10-18T12:15:36 CDT" name="DeleteUserByFirstName" data-provider="DeleteUserByFirstName" finished-at="2024-10-18T12:15:37 CDT" duration-ms="434" status="PASS">
          <params>
            <param index="0">
              <value>
                <![CDATA[deluser]]>
              </value>
            </param>
            <param index="1">
              <value>
                <![CDATA[username]]>
              </value>
            </param>
            <param index="2">
              <value>
                <![CDATA[vijaya]]>
              </value>
            </param>
            <param index="3">
              <value>
                <![CDATA[]]>
              </value>
            </param>
            <param index="4">
              <value>
                <![CDATA[]]>
              </value>
            </param>
            <param index="5">
              <value>
                <![CDATA[404]]>
              </value>
            </param>
            <param index="6">
              <value>
                <![CDATA[Invalid Path]]>
              </value>
            </param>
          </params>
          <reporter-output>
          </reporter-output>
        </test-method> <!-- DeleteUserByFirstName -->
        <test-method signature="DeleteUserByFirstName(java.lang.String,java.lang.String,java.lang.String,java.lang.String,java.lang.String,java.lang.String,java.lang.String)[pri:8, instance:api.test.DDTUserTestsNumpy@596df867]" started-at="2024-10-18T12:15:37 CDT" name="DeleteUserByFirstName" data-provider="DeleteUserByFirstName" finished-at="2024-10-18T12:15:37 CDT" duration-ms="371" status="PASS">
          <params>
            <param index="0">
              <value>
                <![CDATA[deleteuser]]>
              </value>
            </param>
            <param index="1">
              <value>
                <![CDATA[usrname]]>
              </value>
            </param>
            <param index="2">
              <value>
                <![CDATA[vijaya]]>
              </value>
            </param>
            <param index="3">
              <value>
                <![CDATA[]]>
              </value>
            </param>
            <param index="4">
              <value>
                <![CDATA[]]>
              </value>
            </param>
            <param index="5">
              <value>
                <![CDATA[404]]>
              </value>
            </param>
            <param index="6">
              <value>
                <![CDATA[Invalid Endpoint]]>
              </value>
            </param>
          </params>
          <reporter-output>
          </reporter-output>
        </test-method> <!-- DeleteUserByFirstName -->
        <test-method signature="DeleteUserByFirstName(java.lang.String,java.lang.String,java.lang.String,java.lang.String,java.lang.String,java.lang.String,java.lang.String)[pri:8, instance:api.test.DDTUserTestsNumpy@596df867]" started-at="2024-10-18T12:15:37 CDT" name="DeleteUserByFirstName" data-provider="DeleteUserByFirstName" finished-at="2024-10-18T12:15:38 CDT" duration-ms="379" status="PASS">
          <params>
            <param index="0">
              <value>
                <![CDATA[deleteuser]]>
              </value>
            </param>
            <param index="1">
              <value>
                <![CDATA[]]>
              </value>
            </param>
            <param index="2">
              <value>
                <![CDATA[vijaya]]>
              </value>
            </param>
            <param index="3">
              <value>
                <![CDATA[]]>
              </value>
            </param>
            <param index="4">
              <value>
                <![CDATA[]]>
              </value>
            </param>
            <param index="5">
              <value>
                <![CDATA[400]]>
              </value>
            </param>
            <param index="6">
              <value>
                <![CDATA[Without username Path Param]]>
              </value>
            </param>
          </params>
          <reporter-output>
          </reporter-output>
        </test-method> <!-- DeleteUserByFirstName -->
        <test-method signature="DeleteUserByFirstName(java.lang.String,java.lang.String,java.lang.String,java.lang.String,java.lang.String,java.lang.String,java.lang.String)[pri:8, instance:api.test.DDTUserTestsNumpy@596df867]" started-at="2024-10-18T12:15:38 CDT" name="DeleteUserByFirstName" data-provider="DeleteUserByFirstName" finished-at="2024-10-18T12:15:38 CDT" duration-ms="380" status="PASS">
          <params>
            <param index="0">
              <value>
                <![CDATA[]]>
              </value>
            </param>
            <param index="1">
              <value>
                <![CDATA[username]]>
              </value>
            </param>
            <param index="2">
              <value>
                <![CDATA[vijaya]]>
              </value>
            </param>
            <param index="3">
              <value>
                <![CDATA[]]>
              </value>
            </param>
            <param index="4">
              <value>
                <![CDATA[]]>
              </value>
            </param>
            <param index="5">
              <value>
                <![CDATA[404]]>
              </value>
            </param>
            <param index="6">
              <value>
                <![CDATA[Without deleteuser Path Param]]>
              </value>
            </param>
          </params>
          <reporter-output>
          </reporter-output>
        </test-method> <!-- DeleteUserByFirstName -->
        <test-method signature="DeleteUserByFirstName(java.lang.String,java.lang.String,java.lang.String,java.lang.String,java.lang.String,java.lang.String,java.lang.String)[pri:8, instance:api.test.DDTUserTestsNumpy@596df867]" started-at="2024-10-18T12:15:38 CDT" name="DeleteUserByFirstName" data-provider="DeleteUserByFirstName" finished-at="2024-10-18T12:15:38 CDT" duration-ms="385" status="PASS">
          <params>
            <param index="0">
              <value>
                <![CDATA[deleteuser]]>
              </value>
            </param>
            <param index="1">
              <value>
                <![CDATA[username]]>
              </value>
            </param>
            <param index="2">
              <value>
                <![CDATA[dsgf3465]]>
              </value>
            </param>
            <param index="3">
              <value>
                <![CDATA[]]>
              </value>
            </param>
            <param index="4">
              <value>
                <![CDATA[]]>
              </value>
            </param>
            <param index="5">
              <value>
                <![CDATA[400]]>
              </value>
            </param>
            <param index="6">
              <value>
                <![CDATA[Alphanumeric UserFirstname (404)]]>
              </value>
            </param>
          </params>
          <reporter-output>
          </reporter-output>
        </test-method> <!-- DeleteUserByFirstName -->
        <test-method signature="DeleteUserByFirstName(java.lang.String,java.lang.String,java.lang.String,java.lang.String,java.lang.String,java.lang.String,java.lang.String)[pri:8, instance:api.test.DDTUserTestsNumpy@596df867]" started-at="2024-10-18T12:15:38 CDT" name="DeleteUserByFirstName" data-provider="DeleteUserByFirstName" finished-at="2024-10-18T12:15:39 CDT" duration-ms="374" status="PASS">
          <params>
            <param index="0">
              <value>
                <![CDATA[deleteuser]]>
              </value>
            </param>
            <param index="1">
              <value>
                <![CDATA[username]]>
              </value>
            </param>
            <param index="2">
              <value>
                <![CDATA[73465]]>
              </value>
            </param>
            <param index="3">
              <value>
                <![CDATA[]]>
              </value>
            </param>
            <param index="4">
              <value>
                <![CDATA[]]>
              </value>
            </param>
            <param index="5">
              <value>
                <![CDATA[400]]>
              </value>
            </param>
            <param index="6">
              <value>
                <![CDATA[Numeric First Name (404)]]>
              </value>
            </param>
          </params>
          <reporter-output>
          </reporter-output>
        </test-method> <!-- DeleteUserByFirstName -->
        <test-method signature="DeleteUserByFirstName(java.lang.String,java.lang.String,java.lang.String,java.lang.String,java.lang.String,java.lang.String,java.lang.String)[pri:8, instance:api.test.DDTUserTestsNumpy@596df867]" started-at="2024-10-18T12:15:39 CDT" name="DeleteUserByFirstName" data-provider="DeleteUserByFirstName" finished-at="2024-10-18T12:15:39 CDT" duration-ms="377" status="PASS">
          <params>
            <param index="0">
              <value>
                <![CDATA[users]]>
              </value>
            </param>
            <param index="1">
              <value>
                <![CDATA[username]]>
              </value>
            </param>
            <param index="2">
              <value>
                <![CDATA[vijaya]]>
              </value>
            </param>
            <param index="3">
              <value>
                <![CDATA[]]>
              </value>
            </param>
            <param index="4">
              <value>
                <![CDATA[]]>
              </value>
            </param>
            <param index="5">
              <value>
                <![CDATA[405]]>
              </value>
            </param>
            <param index="6">
              <value>
                <![CDATA[Invalid Method for GET BY USERNAME]]>
              </value>
            </param>
          </params>
          <reporter-output>
          </reporter-output>
        </test-method> <!-- DeleteUserByFirstName -->
        <test-method signature="DeleteUserByFirstName(java.lang.String,java.lang.String,java.lang.String,java.lang.String,java.lang.String,java.lang.String,java.lang.String)[pri:8, instance:api.test.DDTUserTestsNumpy@596df867]" started-at="2024-10-18T12:15:39 CDT" name="DeleteUserByFirstName" data-provider="DeleteUserByFirstName" finished-at="2024-10-18T12:15:40 CDT" duration-ms="380" status="PASS">
          <params>
            <param index="0">
              <value>
                <![CDATA[deleteuser]]>
              </value>
            </param>
            <param index="1">
              <value>
                <![CDATA[username]]>
              </value>
            </param>
            <param index="2">
              <value>
                <![CDATA[vijaya]]>
              </value>
            </param>
            <param index="3">
              <value>
                <![CDATA[Invalid]]>
              </value>
            </param>
            <param index="4">
              <value>
                <![CDATA[]]>
              </value>
            </param>
            <param index="5">
              <value>
                <![CDATA[401]]>
              </value>
            </param>
            <param index="6">
              <value>
                <![CDATA[Invalid auth Username]]>
              </value>
            </param>
          </params>
          <reporter-output>
          </reporter-output>
        </test-method> <!-- DeleteUserByFirstName -->
        <test-method signature="DeleteUserByFirstName(java.lang.String,java.lang.String,java.lang.String,java.lang.String,java.lang.String,java.lang.String,java.lang.String)[pri:8, instance:api.test.DDTUserTestsNumpy@596df867]" started-at="2024-10-18T12:15:40 CDT" name="DeleteUserByFirstName" data-provider="DeleteUserByFirstName" finished-at="2024-10-18T12:15:40 CDT" duration-ms="386" status="PASS">
          <params>
            <param index="0">
              <value>
                <![CDATA[deleteuser]]>
              </value>
            </param>
            <param index="1">
              <value>
                <![CDATA[username]]>
              </value>
            </param>
            <param index="2">
              <value>
                <![CDATA[vijaya]]>
              </value>
            </param>
            <param index="3">
              <value>
                <![CDATA[]]>
              </value>
            </param>
            <param index="4">
              <value>
                <![CDATA[Invalid]]>
              </value>
            </param>
            <param index="5">
              <value>
                <![CDATA[401]]>
              </value>
            </param>
            <param index="6">
              <value>
                <![CDATA[Invalid auth pwd]]>
              </value>
            </param>
          </params>
          <reporter-output>
          </reporter-output>
        </test-method> <!-- DeleteUserByFirstName -->
        <test-method signature="DeleteUserByFirstName(java.lang.String,java.lang.String,java.lang.String,java.lang.String,java.lang.String,java.lang.String,java.lang.String)[pri:8, instance:api.test.DDTUserTestsNumpy@596df867]" started-at="2024-10-18T12:15:40 CDT" name="DeleteUserByFirstName" data-provider="DeleteUserByFirstName" finished-at="2024-10-18T12:15:40 CDT" duration-ms="398" status="PASS">
          <params>
            <param index="0">
              <value>
                <![CDATA[deleteuser]]>
              </value>
            </param>
            <param index="1">
              <value>
                <![CDATA[username]]>
              </value>
            </param>
            <param index="2">
              <value>
                <![CDATA[vijaya]]>
              </value>
            </param>
            <param index="3">
              <value>
                <![CDATA[noAuth]]>
              </value>
            </param>
            <param index="4">
              <value>
                <![CDATA[]]>
              </value>
            </param>
            <param index="5">
              <value>
                <![CDATA[401]]>
              </value>
            </param>
            <param index="6">
              <value>
                <![CDATA[Without Auth]]>
              </value>
            </param>
          </params>
          <reporter-output>
          </reporter-output>
        </test-method> <!-- DeleteUserByFirstName -->
      </class> <!-- api.test.DDTUserTestsNumpy -->
    </test> <!-- UserTest -->
  </suite> <!-- UserAPITesting -->
</testng-results>
