<?xml version="1.0" encoding="UTF-8"?>
<!-- Generated by org.testng.reporters.JUnitXMLReporter -->
<testsuite ignored="0" hostname="LAPTOP-E1NRTU5J" failures="0" tests="4" name="UserTest" time="4.364" errors="0" timestamp="2024-02-14T11:01:25 CST">
  <testcase classname="api.test.UserTests2" name="testPostUser" time="1.859"/>
  <testcase classname="api.test.UserTests2" name="testGetUser" time="0.846"/>
  <testcase classname="api.test.UserTests2" name="testupdateUserbyName" time="0.266"/>
  <testcase classname="api.test.UserTests2" name="testDeleteUserbyName" time="0.263"/>
</testsuite> <!-- UserTest -->
