<?xml version="1.0" encoding="UTF-8"?>
<!-- Generated by org.testng.reporters.JUnitXMLReporter -->
<testsuite ignored="0" hostname="LAPTOP-E1NRTU5J" failures="3" tests="127" name="UserTest" time="68.307" errors="0" timestamp="2024-10-18T12:15:41 CDT">
  <testcase classname="api.test.DDTUserTestsNumpy" name="testPostUser" time="1.723"/>
  <testcase classname="api.test.DDTUserTestsNumpy" name="testPostUser" time="0.386"/>
  <testcase classname="api.test.DDTUserTestsNumpy" name="testPostUser" time="0.382"/>
  <testcase classname="api.test.DDTUserTestsNumpy" name="testPostUser" time="0.402"/>
  <testcase classname="api.test.DDTUserTestsNumpy" name="testPostUser" time="0.399"/>
  <testcase classname="api.test.DDTUserTestsNumpy" name="testPostUser" time="0.393"/>
  <testcase classname="api.test.DDTUserTestsNumpy" name="testPostUser" time="0.379"/>
  <testcase classname="api.test.DDTUserTestsNumpy" name="testPostUser" time="0.382"/>
  <testcase classname="api.test.DDTUserTestsNumpy" name="testPostUser" time="0.391"/>
  <testcase classname="api.test.DDTUserTestsNumpy" name="testPostUser" time="0.376"/>
  <testcase classname="api.test.DDTUserTestsNumpy" name="testPostUser" time="0.383"/>
  <testcase classname="api.test.DDTUserTestsNumpy" name="testPostUser" time="0.382"/>
  <testcase classname="api.test.DDTUserTestsNumpy" name="testPostUser" time="0.377"/>
  <testcase classname="api.test.DDTUserTestsNumpy" name="testPostUser" time="0.379"/>
  <testcase classname="api.test.DDTUserTestsNumpy" name="testPostUser" time="0.403"/>
  <testcase classname="api.test.DDTUserTestsNumpy" name="testPostUser" time="0.393"/>
  <testcase classname="api.test.DDTUserTestsNumpy" name="testPostUser" time="0.377"/>
  <testcase classname="api.test.DDTUserTestsNumpy" name="testPostUser" time="0.385"/>
  <testcase classname="api.test.DDTUserTestsNumpy" name="testPostUser" time="0.382"/>
  <testcase classname="api.test.DDTUserTestsNumpy" name="testPostUser" time="0.386"/>
  <testcase classname="api.test.DDTUserTestsNumpy" name="testPostUser" time="0.379"/>
  <testcase classname="api.test.DDTUserTestsNumpy" name="testPostUser" time="0.384"/>
  <testcase classname="api.test.DDTUserTestsNumpy" name="testPostUser" time="0.384"/>
  <testcase classname="api.test.DDTUserTestsNumpy" name="testPostUser" time="0.386"/>
  <testcase classname="api.test.DDTUserTestsNumpy" name="testPostUser" time="0.386"/>
  <testcase classname="api.test.DDTUserTestsNumpy" name="testPostUser" time="0.39"/>
  <testcase classname="api.test.DDTUserTestsNumpy" name="testPostUser" time="0.393"/>
  <testcase classname="api.test.DDTUserTestsNumpy" name="testPostUser" time="0.376"/>
  <testcase classname="api.test.DDTUserTestsNumpy" name="testPostUser" time="0.387"/>
  <testcase classname="api.test.DDTUserTestsNumpy" name="testPostUser" time="0.382"/>
  <testcase classname="api.test.DDTUserTestsNumpy" name="testPostUser" time="0.008">
    <failure type="java.lang.IllegalStateException" message="Cannot serialize object because no XML serializer found in classpath. Please put a JAXB or JakartaEE compliant object mapper in classpath.">
      <![CDATA[java.lang.IllegalStateException: Cannot serialize object because no XML serializer found in classpath. Please put a JAXB or JakartaEE compliant object mapper in classpath.
at org.codehaus.groovy.runtime.callsite.ConstructorSite$ConstructorSiteNoUnwrapNoCoerce.callConstructor(ConstructorSite.java:108)
at org.codehaus.groovy.runtime.callsite.CallSiteArray.defaultCallConstructor(CallSiteArray.java:57)
at org.codehaus.groovy.runtime.callsite.AbstractCallSite.callConstructor(AbstractCallSite.java:263)
at org.codehaus.groovy.runtime.callsite.AbstractCallSite.callConstructor(AbstractCallSite.java:277)
at io.restassured.internal.mapping.ObjectMapping.serialize(ObjectMapping.groovy:171)
at io.restassured.internal.mapping.ObjectMapping$serialize.call(Unknown Source)
at io.restassured.internal.RequestSpecificationImpl.body(RequestSpecificationImpl.groovy:770)
at api.endpoints.UserEndpointsNumpyDDT.createUser(UserEndpointsNumpyDDT.java:35)
at api.test.DDTUserTestsNumpy.testPostUser(DDTUserTestsNumpy.java:70)
at java.base/java.util.ArrayList.forEach(ArrayList.java:1596)
... Removed 29 stack frames]]>
    </failure>
  </testcase> <!-- testPostUser -->
  <testcase classname="api.test.DDTUserTestsNumpy" name="testPostUser" time="0.386"/>
  <testcase classname="api.test.DDTUserTestsNumpy" name="testPostUser" time="0.399"/>
  <testcase classname="api.test.DDTUserTestsNumpy" name="testPostUser" time="0.382"/>
  <testcase classname="api.test.DDTUserTestsNumpy" name="testPostUser" time="0.378"/>
  <testcase classname="api.test.DDTUserTestsNumpy" name="testPostUser" time="0.391"/>
  <testcase classname="api.test.DDTUserTestsNumpy" name="testPostUser" time="0.906"/>
  <testcase classname="api.test.DDTUserTestsNumpy" name="testPostUser" time="0.407"/>
  <testcase classname="api.test.DDTUserTestsNumpy" name="testGetAllUsers" time="1.523"/>
  <testcase classname="api.test.DDTUserTestsNumpy" name="testGetAllUsers" time="0.451"/>
  <testcase classname="api.test.DDTUserTestsNumpy" name="testGetAllUsers" time="0.375"/>
  <testcase classname="api.test.DDTUserTestsNumpy" name="testGetAllUsers" time="0.396"/>
  <testcase classname="api.test.DDTUserTestsNumpy" name="testGetAllUsers" time="0.387"/>
  <testcase classname="api.test.DDTUserTestsNumpy" name="testGetAllUsers" time="0.381"/>
  <testcase classname="api.test.DDTUserTestsNumpy" name="testGetAllUsers" time="0.376"/>
  <testcase classname="api.test.DDTUserTestsNumpy" name="GetUserById" time="0.382"/>
  <testcase classname="api.test.DDTUserTestsNumpy" name="GetUserById" time="0.378"/>
  <testcase classname="api.test.DDTUserTestsNumpy" name="GetUserById" time="0.393"/>
  <testcase classname="api.test.DDTUserTestsNumpy" name="GetUserById" time="0.384"/>
  <testcase classname="api.test.DDTUserTestsNumpy" name="GetUserById" time="0.38"/>
  <testcase classname="api.test.DDTUserTestsNumpy" name="GetUserById" time="0.377"/>
  <testcase classname="api.test.DDTUserTestsNumpy" name="GetUserById" time="0.384"/>
  <testcase classname="api.test.DDTUserTestsNumpy" name="GetUserById" time="0.386"/>
  <testcase classname="api.test.DDTUserTestsNumpy" name="GetUserById" time="0.386"/>
  <testcase classname="api.test.DDTUserTestsNumpy" name="GetUserById" time="0.37"/>
  <testcase classname="api.test.DDTUserTestsNumpy" name="GetUserByFirstName" time="0.603"/>
  <testcase classname="api.test.DDTUserTestsNumpy" name="GetUserByFirstName" time="0.632"/>
  <testcase classname="api.test.DDTUserTestsNumpy" name="GetUserByFirstName" time="0.543"/>
  <testcase classname="api.test.DDTUserTestsNumpy" name="GetUserByFirstName" time="0.517"/>
  <testcase classname="api.test.DDTUserTestsNumpy" name="GetUserByFirstName" time="0.531"/>
  <testcase classname="api.test.DDTUserTestsNumpy" name="GetUserByFirstName" time="0.529"/>
  <testcase classname="api.test.DDTUserTestsNumpy" name="GetUserByFirstName" time="0.53"/>
  <testcase classname="api.test.DDTUserTestsNumpy" name="GetUserByFirstName" time="0.529"/>
  <testcase classname="api.test.DDTUserTestsNumpy" name="GetUserByFirstName" time="0.53"/>
  <testcase classname="api.test.DDTUserTestsNumpy" name="GetUserByFirstName" time="0.529"/>
  <testcase classname="api.test.DDTUserTestsNumpy" name="GetUserByFirstName" time="0.377"/>
  <testcase classname="api.test.DDTUserTestsNumpy" name="GetUserByFirstName" time="0.376"/>
  <testcase classname="api.test.DDTUserTestsNumpy" name="UpdateUserById" time="0.399"/>
  <testcase classname="api.test.DDTUserTestsNumpy" name="UpdateUserById" time="0.402"/>
  <testcase classname="api.test.DDTUserTestsNumpy" name="UpdateUserById" time="0.432"/>
  <testcase classname="api.test.DDTUserTestsNumpy" name="UpdateUserById" time="0.377"/>
  <testcase classname="api.test.DDTUserTestsNumpy" name="UpdateUserById" time="0.38"/>
  <testcase classname="api.test.DDTUserTestsNumpy" name="UpdateUserById" time="0.391"/>
  <testcase classname="api.test.DDTUserTestsNumpy" name="UpdateUserById" time="0.375"/>
  <testcase classname="api.test.DDTUserTestsNumpy" name="UpdateUserById" time="0.374"/>
  <testcase classname="api.test.DDTUserTestsNumpy" name="UpdateUserById" time="0.373"/>
  <testcase classname="api.test.DDTUserTestsNumpy" name="UpdateUserById" time="0.38"/>
  <testcase classname="api.test.DDTUserTestsNumpy" name="UpdateUserById" time="0.37"/>
  <testcase classname="api.test.DDTUserTestsNumpy" name="UpdateUserById" time="0.384"/>
  <testcase classname="api.test.DDTUserTestsNumpy" name="UpdateUserById" time="0.375"/>
  <testcase classname="api.test.DDTUserTestsNumpy" name="UpdateUserById" time="0.369"/>
  <testcase classname="api.test.DDTUserTestsNumpy" name="UpdateUserById" time="0.391"/>
  <testcase classname="api.test.DDTUserTestsNumpy" name="UpdateUserById" time="0.378"/>
  <testcase classname="api.test.DDTUserTestsNumpy" name="UpdateUserById" time="0.389"/>
  <testcase classname="api.test.DDTUserTestsNumpy" name="UpdateUserById" time="0.377"/>
  <testcase classname="api.test.DDTUserTestsNumpy" name="UpdateUserById" time="0.378"/>
  <testcase classname="api.test.DDTUserTestsNumpy" name="UpdateUserById" time="0.369"/>
  <testcase classname="api.test.DDTUserTestsNumpy" name="UpdateUserById" time="0.381"/>
  <testcase classname="api.test.DDTUserTestsNumpy" name="UpdateUserById" time="0.374"/>
  <testcase classname="api.test.DDTUserTestsNumpy" name="UpdateUserById" time="0.374"/>
  <testcase classname="api.test.DDTUserTestsNumpy" name="UpdateUserById" time="0.379"/>
  <testcase classname="api.test.DDTUserTestsNumpy" name="UpdateUserById" time="0.376"/>
  <testcase classname="api.test.DDTUserTestsNumpy" name="UpdateUserById" time="0.389"/>
  <testcase classname="api.test.DDTUserTestsNumpy" name="UpdateUserById" time="0.375"/>
  <testcase classname="api.test.DDTUserTestsNumpy" name="UpdateUserById" time="0.394"/>
  <testcase classname="api.test.DDTUserTestsNumpy" name="UpdateUserById" time="0.378"/>
  <testcase classname="api.test.DDTUserTestsNumpy" name="UpdateUserById" time="0.372"/>
  <testcase classname="api.test.DDTUserTestsNumpy" name="UpdateUserById" time="0.386"/>
  <testcase classname="api.test.DDTUserTestsNumpy" name="UpdateUserById" time="0.001">
    <failure type="java.lang.IllegalStateException" message="Cannot serialize object because no XML serializer found in classpath. Please put a JAXB or JakartaEE compliant object mapper in classpath.">
      <![CDATA[java.lang.IllegalStateException: Cannot serialize object because no XML serializer found in classpath. Please put a JAXB or JakartaEE compliant object mapper in classpath.
at org.codehaus.groovy.runtime.callsite.ConstructorSite$ConstructorSiteNoUnwrapNoCoerce.callConstructor(ConstructorSite.java:108)
at org.codehaus.groovy.runtime.callsite.AbstractCallSite.callConstructor(AbstractCallSite.java:277)
at io.restassured.internal.mapping.ObjectMapping.serialize(ObjectMapping.groovy:171)
at io.restassured.internal.mapping.ObjectMapping$serialize.call(Unknown Source)
at io.restassured.internal.RequestSpecificationImpl.body(RequestSpecificationImpl.groovy:770)
at api.endpoints.UserEndpointsNumpyDDT.updateUserByUserId(UserEndpointsNumpyDDT.java:101)
at api.test.DDTUserTestsNumpy.UpdateUserById(DDTUserTestsNumpy.java:275)
at java.base/java.util.ArrayList.forEach(ArrayList.java:1596)
... Removed 29 stack frames]]>
    </failure>
  </testcase> <!-- UpdateUserById -->
  <testcase classname="api.test.DDTUserTestsNumpy" name="UpdateUserById" time="0.383"/>
  <testcase classname="api.test.DDTUserTestsNumpy" name="UpdateUserById" time="0.377"/>
  <testcase classname="api.test.DDTUserTestsNumpy" name="UpdateUserById" time="0.384"/>
  <testcase classname="api.test.DDTUserTestsNumpy" name="UpdateUserById" time="0.366"/>
  <testcase classname="api.test.DDTUserTestsNumpy" name="UpdateUserById" time="0.379"/>
  <testcase classname="api.test.DDTUserTestsNumpy" name="UpdateUserById" time="0.379"/>
  <testcase classname="api.test.DDTUserTestsNumpy" name="DeleteUserByID" time="0.388"/>
  <testcase classname="api.test.DDTUserTestsNumpy" name="DeleteUserByID" time="0.383"/>
  <testcase classname="api.test.DDTUserTestsNumpy" name="DeleteUserByID" time="0.42"/>
  <testcase classname="api.test.DDTUserTestsNumpy" name="DeleteUserByID" time="0.377"/>
  <testcase classname="api.test.DDTUserTestsNumpy" name="DeleteUserByID" time="0.379"/>
  <testcase classname="api.test.DDTUserTestsNumpy" name="DeleteUserByID" time="0.382"/>
  <testcase classname="api.test.DDTUserTestsNumpy" name="DeleteUserByID" time="0.375"/>
  <testcase classname="api.test.DDTUserTestsNumpy" name="DeleteUserByID" time="0.377"/>
  <testcase classname="api.test.DDTUserTestsNumpy" name="DeleteUserByID" time="0.397"/>
  <testcase classname="api.test.DDTUserTestsNumpy" name="testPostUserWithMandatoryDetails" time="0.387">
    <failure type="java.lang.AssertionError" message="The following asserts failed:
	expected [404] but found [404],
	expected [404] but found [404],
	expected [404] but found [404],
	expected [404] but found [404],
	expected [400] but found [400],
	expected [400] but found [400],
	expected [400] but found [400],
	expected [400] but found [400],
	expected [400] but found [400],
	expected [400] but found [400],
	expected [400] but found [400],
	expected [400] but found [400],
	expected [400] but found [400],
	expected [400] but found [200],
	expected [400] but found [400],
	expected [400] but found [400],
	expected [400] but found [400],
	expected [400] but found [400],
	expected [400] but found [400],
	expected [400] but found [400],
	expected [400] but found [400],
	expected [400] but found [400],
	expected [400] but found [400],
	expected [400] but found [400],
	expected [400] but found [400],
	expected [400] but found [400],
	expected [400] but found [400],
	expected [400] but found [400],
	expected [400] but found [400],
	expected [400] but found [400],
	expected [400] but found [400],
	expected [400] but found [200],
	expected [401] but found [401],
	expected [401] but found [401],
	expected [401] but found [401],
	expected [405] but found [405]">
      <![CDATA[java.lang.AssertionError: The following asserts failed:
expected [404] but found [404],
expected [404] but found [404],
expected [404] but found [404],
expected [404] but found [404],
expected [400] but found [400],
expected [400] but found [400],
expected [400] but found [400],
expected [400] but found [400],
expected [400] but found [400],
expected [400] but found [400],
expected [400] but found [400],
expected [400] but found [400],
expected [400] but found [400],
expected [400] but found [200],
expected [400] but found [400],
expected [400] but found [400],
expected [400] but found [400],
expected [400] but found [400],
expected [400] but found [400],
expected [400] but found [400],
expected [400] but found [400],
expected [400] but found [400],
expected [400] but found [400],
expected [400] but found [400],
expected [400] but found [400],
expected [400] but found [400],
expected [400] but found [400],
expected [400] but found [400],
expected [400] but found [400],
expected [400] but found [400],
expected [400] but found [400],
expected [400] but found [200],
expected [401] but found [401],
expected [401] but found [401],
expected [401] but found [401],
expected [405] but found [405]
at api.test.DDTUserTestsNumpy.testPostUserWithMandatoryDetails(DDTUserTestsNumpy.java:369)
at java.base/java.util.ArrayList.forEach(ArrayList.java:1596)
... Removed 27 stack frames]]>
    </failure>
  </testcase> <!-- testPostUserWithMandatoryDetails -->
  <testcase classname="api.test.DDTUserTestsNumpy" name="DeleteUserByFirstName" time="0.377"/>
  <testcase classname="api.test.DDTUserTestsNumpy" name="DeleteUserByFirstName" time="0.378"/>
  <testcase classname="api.test.DDTUserTestsNumpy" name="DeleteUserByFirstName" time="0.434"/>
  <testcase classname="api.test.DDTUserTestsNumpy" name="DeleteUserByFirstName" time="0.371"/>
  <testcase classname="api.test.DDTUserTestsNumpy" name="DeleteUserByFirstName" time="0.379"/>
  <testcase classname="api.test.DDTUserTestsNumpy" name="DeleteUserByFirstName" time="0.38"/>
  <testcase classname="api.test.DDTUserTestsNumpy" name="DeleteUserByFirstName" time="0.385"/>
  <testcase classname="api.test.DDTUserTestsNumpy" name="DeleteUserByFirstName" time="0.374"/>
  <testcase classname="api.test.DDTUserTestsNumpy" name="DeleteUserByFirstName" time="0.377"/>
  <testcase classname="api.test.DDTUserTestsNumpy" name="DeleteUserByFirstName" time="0.38"/>
  <testcase classname="api.test.DDTUserTestsNumpy" name="DeleteUserByFirstName" time="0.386"/>
  <testcase classname="api.test.DDTUserTestsNumpy" name="DeleteUserByFirstName" time="0.398"/>
</testsuite> <!-- UserTest -->
